# JRE version: Java(TM) SE Runtime Environment (17.0.4.1+1) (build 17.0.4.1+1-LTS-2)
# Java VM: Java HotSpot(TM) 64-Bit Server VM (17.0.4.1+1-LTS-2, mixed mode, sharing, tiered, compressed oops, compressed class ptrs, g1 gc, linux-amd64)
GC Precious Log:
 CPUs: 4 total, 4 available
 Memory: 7860M
 Large Page Support: Disabled
 NUMA Support: Disabled
 Compressed Oops: Enabled (32-bit)
 Heap Region Size: 1M
 Heap Min Capacity: 8M
 Heap Initial Capacity: 124M
 Heap Max Capacity: 1966M
 Pre-touch: Disabled
 Parallel Workers: 4
 Concurrent Workers: 1
 Concurrent Refinement Workers: 4
 Periodic GC: Disabled
Heap:
 garbage-first heap   total 168960K, used 92939K [0x0000000085200000, 0x0000000100000000)
  region size 1024K, 13 young (13312K), 4 survivors (4096K)
 Metaspace       used 17320K, committed 17536K, reserved 1064960K
  class space    used 2513K, committed 2624K, reserved 1048576K
GC Heap History (15 events):
Event: 1,714 GC heap before
{Heap before GC invocations=0 (full 0):
 garbage-first heap   total 129024K, used 14308K [0x0000000085200000, 0x0000000100000000)
  region size 1024K, 13 young (13312K), 0 survivors (0K)
 Metaspace       used 2983K, committed 3200K, reserved 1056768K
  class space    used 317K, committed 448K, reserved 1048576K
}
Event: 1,719 GC heap after
{Heap after GC invocations=1 (full 0):
 garbage-first heap   total 129024K, used 2766K [0x0000000085200000, 0x0000000100000000)
  region size 1024K, 2 young (2048K), 2 survivors (2048K)
 Metaspace       used 2983K, committed 3200K, reserved 1056768K
  class space    used 317K, committed 448K, reserved 1048576K
}
Event: 2,785 GC heap before
{Heap before GC invocations=1 (full 0):
 garbage-first heap   total 129024K, used 25294K [0x0000000085200000, 0x0000000100000000)
  region size 1024K, 25 young (25600K), 2 survivors (2048K)
 Metaspace       used 9950K, committed 10176K, reserved 1064960K
  class space    used 1371K, committed 1472K, reserved 1048576K
}
Event: 2,796 GC heap after
{Heap after GC invocations=2 (full 0):
 garbage-first heap   total 129024K, used 6158K [0x0000000085200000, 0x0000000100000000)
  region size 1024K, 4 young (4096K), 4 survivors (4096K)
 Metaspace       used 9950K, committed 10176K, reserved 1064960K
  class space    used 1371K, committed 1472K, reserved 1048576K
}
Event: 10,806 GC heap before
{Heap before GC invocations=2 (full 0):
 garbage-first heap   total 129024K, used 76814K [0x0000000085200000, 0x0000000100000000)
  region size 1024K, 23 young (23552K), 4 survivors (4096K)
 Metaspace       used 14950K, committed 15168K, reserved 1064960K
  class space    used 2252K, committed 2368K, reserved 1048576K
}
Event: 10,815 GC heap after
{Heap after GC invocations=3 (full 0):
 garbage-first heap   total 129024K, used 56002K [0x0000000085200000, 0x0000000100000000)
  region size 1024K, 3 young (3072K), 3 survivors (3072K)
 Metaspace       used 14950K, committed 15168K, reserved 1064960K
  class space    used 2252K, committed 2368K, reserved 1048576K
}
Event: 10,829 GC heap before
{Heap before GC invocations=3 (full 0):
 garbage-first heap   total 129024K, used 58050K [0x0000000085200000, 0x0000000100000000)
  region size 1024K, 4 young (4096K), 3 survivors (3072K)
 Metaspace       used 14963K, committed 15168K, reserved 1064960K
  class space    used 2252K, committed 2368K, reserved 1048576K
}
Event: 10,832 GC heap after
{Heap after GC invocations=4 (full 0):
 garbage-first heap   total 129024K, used 57956K [0x0000000085200000, 0x0000000100000000)
  region size 1024K, 3 young (3072K), 3 survivors (3072K)
 Metaspace       used 14963K, committed 15168K, reserved 1064960K
  class space    used 2252K, committed 2368K, reserved 1048576K
}
Event: 10,859 GC heap before
{Heap before GC invocations=5 (full 0):
 garbage-first heap   total 129024K, used 66148K [0x0000000085200000, 0x0000000100000000)
  region size 1024K, 4 young (4096K), 3 survivors (3072K)
 Metaspace       used 14991K, committed 15232K, reserved 1064960K
  class space    used 2253K, committed 2368K, reserved 1048576K
}
Event: 10,862 GC heap after
{Heap after GC invocations=6 (full 0):
 garbage-first heap   total 129024K, used 65305K [0x0000000085200000, 0x0000000100000000)
  region size 1024K, 3 young (3072K), 3 survivors (3072K)
 Metaspace       used 14991K, committed 15232K, reserved 1064960K
  class space    used 2253K, committed 2368K, reserved 1048576K
}
Event: 10,920 GC heap before
{Heap before GC invocations=7 (full 0):
 garbage-first heap   total 140288K, used 81689K [0x0000000085200000, 0x0000000100000000)
  region size 1024K, 4 young (4096K), 3 survivors (3072K)
 Metaspace       used 14995K, committed 15232K, reserved 1064960K
  class space    used 2254K, committed 2368K, reserved 1048576K
}
Event: 10,923 GC heap after
{Heap after GC invocations=8 (full 0):
 garbage-first heap   total 140288K, used 77653K [0x0000000085200000, 0x0000000100000000)
  region size 1024K, 3 young (3072K), 3 survivors (3072K)
 Metaspace       used 14995K, committed 15232K, reserved 1064960K
  class space    used 2254K, committed 2368K, reserved 1048576K
}
Event: 10,962 GC heap before
{Heap before GC invocations=9 (full 0):
 garbage-first heap   total 140288K, used 80725K [0x0000000085200000, 0x0000000100000000)
  region size 1024K, 4 young (4096K), 3 survivors (3072K)
 Metaspace       used 14995K, committed 15232K, reserved 1064960K
  class space    used 2254K, committed 2368K, reserved 1048576K
}
Event: 10,966 GC heap after
{Heap after GC invocations=10 (full 0):
 garbage-first heap   total 168960K, used 80651K [0x0000000085200000, 0x0000000100000000)
  region size 1024K, 3 young (3072K), 3 survivors (3072K)
 Metaspace       used 14995K, committed 15232K, reserved 1064960K
  class space    used 2254K, committed 2368K, reserved 1048576K
}
Event: 27,200 GC heap before
{Heap before GC invocations=11 (full 0):
 garbage-first heap   total 168960K, used 91915K [0x0000000085200000, 0x0000000100000000)
  region size 1024K, 12 young (12288K), 3 survivors (3072K)
 Metaspace       used 17320K, committed 17536K, reserved 1064960K
  class space    used 2513K, committed 2624K, reserved 1048576K
}

